#
# A fatal error has been detected by the Java Runtime Environment:
#
#  SIGSEGV (0xb) at pc=0x00007123e00a9af7, pid=11756, tid=11762
#
# JRE version: OpenJDK Runtime Environment Temurin-21.0.11+10 (21.0.11+10) (build 21.0.11+10-LTS)
# Java VM: OpenJDK 64-Bit Server VM Temurin-21.0.11+10 (21.0.11+10-LTS, mixed mode, sharing, tiered, compressed oops, compressed class ptrs, g1 gc, linux-amd64)
# Problematic frame:
# C  [libc.so.6+0xa9af7]
[timeout occurred during error reporting in step "printing problematic frame"] after 30 s.
# Core dump will be written. Default location: Core dumps may be processed with "/usr/share/apport/apport -p%p -s%s -c%c -d%d -P%P -u%u -g%g -F%F -- %E" (or dumping to /home/gabriel/IdeaProjects/final-2026a-gabrieldequadro/core.11756)
#
# If you would like to submit a bug report, please visit:
#   https://github.com/adoptium/adoptium-support/issues
#

---------------  S U M M A R Y ------------

Command Line: -Dfile.encoding=UTF-8 -Duser.country=BR -Duser.language=pt -Duser.variant com.quadro.guildcontroler.lwjgl3.Lwjgl3Launcher

Host: AMD Ryzen 5 7520U with Radeon Graphics, 8 cores, 14G, 
[timeout occurred during error reporting in step "printing summary machine and OS info"] after 30 s.
Time: Tue Jun 23 20:44:43 2026 -03 elapsed time: 109.720200 seconds (0d 0h 1m 49s)

---------------  T H R E A D  ---------------

Current thread (0x00007123d802ddc0):  JavaThread "main"             [_thread_in_Java, id=11762, stack(0x00007123de817000,0x00007123de917000) (1024K)]

Stack: [0x00007123de817000,0x00007123de917000],  sp=0x00007123de915120,  free space=1016k
Native frames: (J=compiled Java code, j=interpreted, Vv=VM code, C=native code)
C  [libc.so.6+0xa9af7]
------ Timeout during error reporting after 120 s. ------
